2019-12-08 11:29:35,028 | 2019-12-08--11-28-12-672 | <AppStudio> | c8-5b-76-bf-e3-30 | 2019-12-08--11-29-33-730 | INFO  | Thread-7 | de.sick.appstudio.LifeCycleManager [LifeCycleManager.java:407] Running AppStudio instances: 3
2019-12-08 11:29:37,014 | 2019-12-08--11-28-12-672 | <AppStudio> | c8-5b-76-bf-e3-30 | 2019-12-08--11-29-33-730 | INFO  | Thread-11 | d.s.a.n.n.p.NodeServiceProvider [NodeServiceProvider.java:255] Language Server : Server started on port: 3003
2019-12-08 11:29:37,204 | 2019-12-08--11-28-12-672 | <AppStudio> | c8-5b-76-bf-e3-30 | 2019-12-08--11-29-33-730 | INFO  | Thread-7 | de.sick.appstudio.LifeCycleManager [LifeCycleManager.java:452] ## AS-STATUS ## AppStudio startup
2019-12-08 11:29:37,207 | 2019-12-08--11-28-12-672 | <AppStudio> | c8-5b-76-bf-e3-30 | 2019-12-08--11-29-33-730 | INFO  | Thread-7 | de.sick.appstudio.utils.Logging [Logging.java:162] ## AS-STATUS ## AppStudio version: 3.0.0
2019-12-08 11:29:37,208 | 2019-12-08--11-28-12-672 | <AppStudio> | c8-5b-76-bf-e3-30 | 2019-12-08--11-29-33-730 | INFO  | Thread-7 | de.sick.appstudio.utils.Logging [Logging.java:162] ## AS-STATUS ## AppStudio Install-ID: 2019-12-08--11-28-12-672
2019-12-08 11:29:37,209 | 2019-12-08--11-28-12-672 | <AppStudio> | c8-5b-76-bf-e3-30 | 2019-12-08--11-29-33-730 | INFO  | Thread-7 | de.sick.appstudio.utils.Logging [Logging.java:162] ## AS-STATUS ## AppStudio Instance-ID: 2019-12-08--11-29-33-730
2019-12-08 11:29:37,224 | 2019-12-08--11-28-12-672 | <AppStudio> | c8-5b-76-bf-e3-30 | 2019-12-08--11-29-33-730 | INFO  | Thread-7 | de.sick.appstudio.utils.Logging [Logging.java:162] ## AS-STATUS ## AppStudio License is valid
2019-12-08 11:29:37,230 | 2019-12-08--11-28-12-672 | <AppStudio> | c8-5b-76-bf-e3-30 | 2019-12-08--11-29-33-730 | INFO  | Thread-7 | de.sick.appstudio.utils.Logging [Logging.java:162] ## AS-STATUS ## AppStudio License Information - Name: Michael Lorens, Company: HFU Hochschule Furtwangen, Expiration: 2020-02-29, Type: trial
2019-12-08 11:29:38,513 | 2019-12-08--11-28-12-672 | <AppStudio> | c8-5b-76-bf-e3-30 | 2019-12-08--11-29-33-730 | INFO  | Thread-7 | de.sick.appstudio.utils.Logging [Logging.java:162] ## AS-STATUS ## MAC address: c8-5b-76-bf-e3-30
2019-12-08 11:29:38,514 | 2019-12-08--11-28-12-672 | <AppStudio> | c8-5b-76-bf-e3-30 | 2019-12-08--11-29-33-730 | INFO  | Thread-7 | de.sick.appstudio.utils.Logging [Logging.java:162] ## AS-STATUS ## CPU info: Intel64 Family 6 Model 142 Stepping 9, GenuineIntel, architecture: AMD64, number CPUs: 4
2019-12-08 11:29:38,530 | 2019-12-08--11-28-12-672 | <AppStudio> | c8-5b-76-bf-e3-30 | 2019-12-08--11-29-33-730 | INFO  | Thread-7 | de.sick.appstudio.utils.Logging [Logging.java:162] ## AS-STATUS ## OS info: Windows 10, architecture: amd64, version: 10.0
2019-12-08 11:29:38,531 | 2019-12-08--11-28-12-672 | <AppStudio> | c8-5b-76-bf-e3-30 | 2019-12-08--11-29-33-730 | INFO  | Thread-7 | de.sick.appstudio.utils.Logging [Logging.java:162] ## AS-STATUS ## Disk space (bytes): 107345866752
2019-12-08 11:29:38,532 | 2019-12-08--11-28-12-672 | <AppStudio> | c8-5b-76-bf-e3-30 | 2019-12-08--11-29-33-730 | INFO  | Thread-7 | de.sick.appstudio.utils.Logging [Logging.java:162] ## AS-STATUS ## JVM max memory (bytes): 1886912512
2019-12-08 11:29:38,542 | 2019-12-08--11-28-12-672 | <AppStudio> | c8-5b-76-bf-e3-30 | 2019-12-08--11-29-33-730 | INFO  | Thread-7 | de.sick.appstudio.utils.Logging [Logging.java:162] ## AS-STATUS ## Editor preferences - Font Size: 14
2019-12-08 11:29:38,545 | 2019-12-08--11-28-12-672 | <AppStudio> | c8-5b-76-bf-e3-30 | 2019-12-08--11-29-33-730 | INFO  | Thread-7 | de.sick.appstudio.utils.Logging [Logging.java:162] ## AS-STATUS ## UI-Builder preferences - Warn when importing unsupported ui elements: true
2019-12-08 11:29:38,546 | 2019-12-08--11-28-12-672 | <AppStudio> | c8-5b-76-bf-e3-30 | 2019-12-08--11-29-33-730 | INFO  | Thread-7 | de.sick.appstudio.utils.Logging [Logging.java:162] ## AS-STATUS ## Emulator preferences - Auto web server port selection: true
2019-12-08 11:29:38,547 | 2019-12-08--11-28-12-672 | <AppStudio> | c8-5b-76-bf-e3-30 | 2019-12-08--11-29-33-730 | INFO  | Thread-7 | de.sick.appstudio.utils.Logging [Logging.java:162] ## AS-STATUS ## Emulator preferences - Manual web server port: 80
2019-12-08 11:29:38,548 | 2019-12-08--11-28-12-672 | <AppStudio> | c8-5b-76-bf-e3-30 | 2019-12-08--11-29-33-730 | INFO  | Thread-7 | de.sick.appstudio.utils.Logging [Logging.java:162] ## AS-STATUS ## General preferences - Confirm exit: true
2019-12-08 11:29:38,549 | 2019-12-08--11-28-12-672 | <AppStudio> | c8-5b-76-bf-e3-30 | 2019-12-08--11-29-33-730 | INFO  | Thread-7 | de.sick.appstudio.utils.Logging [Logging.java:162] ## AS-STATUS ## General preferences - Support hardlinks: false
2019-12-08 11:29:38,550 | 2019-12-08--11-28-12-672 | <AppStudio> | c8-5b-76-bf-e3-30 | 2019-12-08--11-29-33-730 | INFO  | Thread-7 | de.sick.appstudio.utils.Logging [Logging.java:162] ## AS-STATUS ## Logging preferences - Log to file: true
2019-12-08 11:29:38,552 | 2019-12-08--11-28-12-672 | <AppStudio> | c8-5b-76-bf-e3-30 | 2019-12-08--11-29-33-730 | INFO  | Thread-7 | de.sick.appstudio.utils.Logging [Logging.java:162] ## AS-STATUS ## Logging preferences - Log path: E:\AIN\6_Semester\LIDAR_AppSpace\log
2019-12-08 11:29:38,553 | 2019-12-08--11-28-12-672 | <AppStudio> | c8-5b-76-bf-e3-30 | 2019-12-08--11-29-33-730 | INFO  | Thread-7 | de.sick.appstudio.utils.Logging [Logging.java:162] ## AS-STATUS ## Logging preferences - Log level debug: false
2019-12-08 11:29:38,554 | 2019-12-08--11-28-12-672 | <AppStudio> | c8-5b-76-bf-e3-30 | 2019-12-08--11-29-33-730 | INFO  | Thread-7 | de.sick.appstudio.utils.Logging [Logging.java:162] ## AS-STATUS ## Logging preferences - Delete old logs: false
2019-12-08 11:29:38,555 | 2019-12-08--11-28-12-672 | <AppStudio> | c8-5b-76-bf-e3-30 | 2019-12-08--11-29-33-730 | INFO  | Thread-7 | de.sick.appstudio.utils.Logging [Logging.java:162] ## AS-STATUS ## Proxy preferences - Proxy selection mode: 
2019-12-08 11:29:38,555 | 2019-12-08--11-28-12-672 | <AppStudio> | c8-5b-76-bf-e3-30 | 2019-12-08--11-29-33-730 | INFO  | Thread-7 | de.sick.appstudio.utils.Logging [Logging.java:162] ## AS-STATUS ## Proxy preferences - Proxy host: 
2019-12-08 11:29:38,556 | 2019-12-08--11-28-12-672 | <AppStudio> | c8-5b-76-bf-e3-30 | 2019-12-08--11-29-33-730 | INFO  | Thread-7 | de.sick.appstudio.utils.Logging [Logging.java:162] ## AS-STATUS ## Proxy preferences - Proxy port: 
2019-12-08 11:29:38,557 | 2019-12-08--11-28-12-672 | <AppStudio> | c8-5b-76-bf-e3-30 | 2019-12-08--11-29-33-730 | INFO  | Thread-7 | de.sick.appstudio.utils.Logging [Logging.java:162] ## AS-STATUS ## Update preferences - Check on startup: true
2019-12-08 11:29:38,622 | 2019-12-08--11-28-12-672 | <AppStudio> | c8-5b-76-bf-e3-30 | 2019-12-08--11-29-33-730 | INFO  | Thread-7 | de.sick.appstudio.utils.Logging [Logging.java:543] AppStudio component version - Java version: 1.8.0_201
2019-12-08 11:29:38,623 | 2019-12-08--11-28-12-672 | <AppStudio> | c8-5b-76-bf-e3-30 | 2019-12-08--11-29-33-730 | INFO  | Thread-7 | de.sick.appstudio.utils.Logging [Logging.java:543] AppStudio component version - AppSpaceComponents - AppMonitorService: 3.4.0
2019-12-08 11:29:38,623 | 2019-12-08--11-28-12-672 | <AppStudio> | c8-5b-76-bf-e3-30 | 2019-12-08--11-29-33-730 | INFO  | Thread-7 | de.sick.appstudio.utils.Logging [Logging.java:543] AppStudio component version - AppSpaceComponents - AppPoolClient: 3.4.0
2019-12-08 11:29:38,624 | 2019-12-08--11-28-12-672 | <AppStudio> | c8-5b-76-bf-e3-30 | 2019-12-08--11-29-33-730 | INFO  | Thread-7 | de.sick.appstudio.utils.Logging [Logging.java:543] AppStudio component version - AppSpaceComponents - Utils: 3.4.0
2019-12-08 11:29:38,624 | 2019-12-08--11-28-12-672 | <AppStudio> | c8-5b-76-bf-e3-30 | 2019-12-08--11-29-33-730 | INFO  | Thread-7 | de.sick.appstudio.utils.Logging [Logging.java:543] AppStudio component version - AppSpaceComponents - Deployment: 3.4.0
2019-12-08 11:29:38,624 | 2019-12-08--11-28-12-672 | <AppStudio> | c8-5b-76-bf-e3-30 | 2019-12-08--11-29-33-730 | INFO  | Thread-7 | de.sick.appstudio.utils.Logging [Logging.java:543] AppStudio component version - AppSpaceComponents - Dialogservice: 3.4.0
2019-12-08 11:29:38,625 | 2019-12-08--11-28-12-672 | <AppStudio> | c8-5b-76-bf-e3-30 | 2019-12-08--11-29-33-730 | INFO  | Thread-7 | de.sick.appstudio.utils.Logging [Logging.java:543] AppStudio component version - AppSpaceComponents - PlatformService: 3.4.0
2019-12-08 11:29:38,625 | 2019-12-08--11-28-12-672 | <AppStudio> | c8-5b-76-bf-e3-30 | 2019-12-08--11-29-33-730 | INFO  | Thread-7 | de.sick.appstudio.utils.Logging [Logging.java:543] AppStudio component version - AppSpaceComponents - EncryptionClient: 3.4.0
2019-12-08 11:29:38,626 | 2019-12-08--11-28-12-672 | <AppStudio> | c8-5b-76-bf-e3-30 | 2019-12-08--11-29-33-730 | INFO  | Thread-7 | de.sick.appstudio.utils.Logging [Logging.java:543] AppStudio component version - AppSpaceComponents - LicenseService: 3.4.0
2019-12-08 11:29:38,626 | 2019-12-08--11-28-12-672 | <AppStudio> | c8-5b-76-bf-e3-30 | 2019-12-08--11-29-33-730 | INFO  | Thread-7 | de.sick.appstudio.utils.Logging [Logging.java:543] AppStudio component version - AppSpaceComponents - LoggingService: 3.4.0
2019-12-08 11:29:38,627 | 2019-12-08--11-28-12-672 | <AppStudio> | c8-5b-76-bf-e3-30 | 2019-12-08--11-29-33-730 | INFO  | Thread-7 | de.sick.appstudio.utils.Logging [Logging.java:543] AppStudio component version - AppSpaceComponents - PersistService: 3.4.0
2019-12-08 11:29:38,627 | 2019-12-08--11-28-12-672 | <AppStudio> | c8-5b-76-bf-e3-30 | 2019-12-08--11-29-33-730 | INFO  | Thread-7 | de.sick.appstudio.utils.Logging [Logging.java:543] AppStudio component version - AppSpaceComponents - ManifestDocumentationService: 3.4.0
2019-12-08 11:29:38,627 | 2019-12-08--11-28-12-672 | <AppStudio> | c8-5b-76-bf-e3-30 | 2019-12-08--11-29-33-730 | INFO  | Thread-7 | de.sick.appstudio.utils.Logging [Logging.java:543] AppStudio component version - AppSpaceComponents - ManifestValidationService: 3.4.0
2019-12-08 11:29:38,628 | 2019-12-08--11-28-12-672 | <AppStudio> | c8-5b-76-bf-e3-30 | 2019-12-08--11-29-33-730 | INFO  | Thread-7 | de.sick.appstudio.utils.Logging [Logging.java:543] AppStudio component version - AppSpaceComponents - OidcClient: 3.4.0
2019-12-08 11:29:38,628 | 2019-12-08--11-28-12-672 | <AppStudio> | c8-5b-76-bf-e3-30 | 2019-12-08--11-29-33-730 | INFO  | Thread-7 | de.sick.appstudio.utils.Logging [Logging.java:543] AppStudio component version - AppSpaceComponents - RetrofitRestEngine: 3.4.0
2019-12-08 11:29:38,628 | 2019-12-08--11-28-12-672 | <AppStudio> | c8-5b-76-bf-e3-30 | 2019-12-08--11-29-33-730 | INFO  | Thread-7 | de.sick.appstudio.utils.Logging [Logging.java:543] AppStudio component version - AppSpaceComponents - UI Controls: 3.4.0
2019-12-08 11:29:38,629 | 2019-12-08--11-28-12-672 | <AppStudio> | c8-5b-76-bf-e3-30 | 2019-12-08--11-29-33-730 | INFO  | Thread-7 | de.sick.appstudio.utils.Logging [Logging.java:543] AppStudio component version - UIBuilder - UIBuilderService: 1.0.4
2019-12-08 11:29:38,629 | 2019-12-08--11-28-12-672 | <AppStudio> | c8-5b-76-bf-e3-30 | 2019-12-08--11-29-33-730 | INFO  | Thread-7 | de.sick.appstudio.utils.Logging [Logging.java:543] AppStudio component version - UIBuilder - UIBuilder: 1.0.4
2019-12-08 11:29:38,629 | 2019-12-08--11-28-12-672 | <AppStudio> | c8-5b-76-bf-e3-30 | 2019-12-08--11-29-33-730 | INFO  | Thread-7 | de.sick.appstudio.utils.Logging [Logging.java:543] AppStudio component version - UIBuilder - LegacyMSDDImporter: 1.0.1
2019-12-08 11:29:38,630 | 2019-12-08--11-28-12-672 | <AppStudio> | c8-5b-76-bf-e3-30 | 2019-12-08--11-29-33-730 | INFO  | Thread-7 | de.sick.appstudio.utils.Logging [Logging.java:543] AppStudio component version - UIBuilder - LegacyMSDDCreator: 1.0.2
2019-12-08 11:29:38,630 | 2019-12-08--11-28-12-672 | <AppStudio> | c8-5b-76-bf-e3-30 | 2019-12-08--11-29-33-730 | INFO  | Thread-7 | de.sick.appstudio.utils.Logging [Logging.java:543] AppStudio component version - UIBuilder - Control Library: 1.0.2
2019-12-08 11:29:38,630 | 2019-12-08--11-28-12-672 | <AppStudio> | c8-5b-76-bf-e3-30 | 2019-12-08--11-29-33-730 | INFO  | Thread-7 | de.sick.appstudio.utils.Logging [Logging.java:543] AppStudio component version - UIBuilder - DaVinCi Basic Elements: 4.0.3
2019-12-08 11:29:38,631 | 2019-12-08--11-28-12-672 | <AppStudio> | c8-5b-76-bf-e3-30 | 2019-12-08--11-29-33-730 | INFO  | Thread-7 | de.sick.appstudio.utils.Logging [Logging.java:543] AppStudio component version - UIBuilder - Sopas JS: <not available>
2019-12-08 11:29:38,631 | 2019-12-08--11-28-12-672 | <AppStudio> | c8-5b-76-bf-e3-30 | 2019-12-08--11-29-33-730 | INFO  | Thread-7 | de.sick.appstudio.utils.Logging [Logging.java:543] AppStudio component version - UIBuilder - AppSpace Viewers: 3.0.0
2019-12-08 11:29:38,631 | 2019-12-08--11-28-12-672 | <AppStudio> | c8-5b-76-bf-e3-30 | 2019-12-08--11-29-33-730 | INFO  | Thread-7 | de.sick.appstudio.utils.Logging [Logging.java:543] AppStudio component version - UIBuilder - DaVinCi Build Tools: 2.2.0
2019-12-08 11:29:38,632 | 2019-12-08--11-28-12-672 | <AppStudio> | c8-5b-76-bf-e3-30 | 2019-12-08--11-29-33-730 | INFO  | Thread-7 | de.sick.appstudio.utils.Logging [Logging.java:543] AppStudio component version - UIBuilder - DaVinCi Build Tools MSDD plugin: 1.6.0
2019-12-08 11:29:38,632 | 2019-12-08--11-28-12-672 | <AppStudio> | c8-5b-76-bf-e3-30 | 2019-12-08--11-29-33-730 | INFO  | Thread-7 | de.sick.appstudio.utils.Logging [Logging.java:543] AppStudio component version - CodeEditor - CodeEditorBridge: 3.4.0
2019-12-08 11:29:38,632 | 2019-12-08--11-28-12-672 | <AppStudio> | c8-5b-76-bf-e3-30 | 2019-12-08--11-29-33-730 | INFO  | Thread-7 | de.sick.appstudio.utils.Logging [Logging.java:543] AppStudio component version - BlocksEditor - BlocksEditorService: 0.1.1
2019-12-08 11:29:38,633 | 2019-12-08--11-28-12-672 | <AppStudio> | c8-5b-76-bf-e3-30 | 2019-12-08--11-29-33-730 | INFO  | Thread-7 | de.sick.appstudio.utils.Logging [Logging.java:543] AppStudio component version - BlocksEditor - BlocksEditor: 0.5.1
2019-12-08 11:29:38,979 | 2019-12-08--11-28-12-672 | <AppStudio> | c8-5b-76-bf-e3-30 | 2019-12-08--11-29-33-730 | INFO  | Thread-13 | d.s.a.r.p.ServerManagerProvider [ServerManagerProvider.java:114] Jetty server started on port 4502
2019-12-08 11:29:40,873 | 2019-12-08--11-28-12-672 | <AppStudio> | c8-5b-76-bf-e3-30 | 2019-12-08--11-29-33-730 | INFO  | Thread-7 | d.s.a.s.c.AppDeviceService [AppDeviceService.java:125] AppDeviceService with device handler: 
2019-12-08 11:29:41,895 | 2019-12-08--11-28-12-672 | <AppStudio> | c8-5b-76-bf-e3-30 | 2019-12-08--11-29-33-730 | INFO  | Thread-24 | d.s.a.n.n.p.NodeServiceProvider [NodeServiceProvider.java:255] Blocks-Editor Service : Server started on port: 4113
2019-12-08 11:29:46,596 | 2019-12-08--11-28-12-672 | <AppStudio> | c8-5b-76-bf-e3-30 | 2019-12-08--11-29-33-730 | INFO  | Thread-29 | de.sick.appstudio.LifeCycleManager [LifeCycleManager.java:631] No or outdated proxy preferences stored, trying to auto-detetct proxy
2019-12-08 11:29:47,205 | 2019-12-08--11-28-12-672 | <AppStudio> | c8-5b-76-bf-e3-30 | 2019-12-08--11-29-33-730 | INFO  | Thread-29 | de.sick.appstudio.utils.OnlineUtils [OnlineUtils.java:65] Failed to retrieved auto proxy settings
2019-12-08 11:29:47,206 | 2019-12-08--11-28-12-672 | <AppStudio> | c8-5b-76-bf-e3-30 | 2019-12-08--11-29-33-730 | INFO  | Thread-29 | de.sick.appstudio.LifeCycleManager [LifeCycleManager.java:651] Could not identify system proxy
2019-12-08 11:29:47,207 | 2019-12-08--11-28-12-672 | <AppStudio> | c8-5b-76-bf-e3-30 | 2019-12-08--11-29-33-730 | INFO  | Thread-29 | de.sick.appstudio.LifeCycleManager [LifeCycleManager.java:687] Checking for updates
2019-12-08 11:29:47,688 | 2019-12-08--11-28-12-672 | <AppStudio> | c8-5b-76-bf-e3-30 | 2019-12-08--11-29-33-730 | INFO  | Thread-29 | d.s.appspace.core.utils.RemoteUpdate [RemoteUpdate.java:231] Downloading, local file: C:\Users\Michael\AppData\Local\Temp\AppSpace4317469128559253811\auto-update\appstudio-update.xml
2019-12-08 11:29:47,768 | 2019-12-08--11-28-12-672 | <AppStudio> | c8-5b-76-bf-e3-30 | 2019-12-08--11-29-33-730 | INFO  | Thread-29 | d.s.appspace.core.utils.RemoteUpdate [RemoteUpdate.java:350] Remote update check -  update file available: true, update version:3.0.0, current version:3.0.0, version newer:false
2019-12-08 11:29:48,619 | 2019-12-08--11-28-12-672 | <AppStudio> | c8-5b-76-bf-e3-30 | 2019-12-08--11-29-33-730 | INFO  | JavaFX Application Thread | d.s.a.d.ui.scan.DeviceScanView [DeviceScanView.java:191] CLOSING SEARCH DIALOG
2019-12-08 11:29:48,627 | 2019-12-08--11-28-12-672 | <AppStudio> | c8-5b-76-bf-e3-30 | 2019-12-08--11-29-33-730 | INFO  | pool-15-thread-1 | d.s.a.d.p.DeviceScanServiceImpl [DeviceScanServiceImpl.java:278] Starting general device scan
2019-12-08 11:29:48,652 | 2019-12-08--11-28-12-672 | <AppStudio> | c8-5b-76-bf-e3-30 | 2019-12-08--11-29-33-730 | INFO  | pool-15-thread-1 | d.s.a.d.p.DeviceScanServiceImpl [DeviceScanServiceImpl.java:192] Starting device scan, Adresses: [/192.168.0.1, /127.0.0.1], Ports:[2111, 2122]
2019-12-08 11:29:48,721 | 2019-12-08--11-28-12-672 | <AppStudio> | c8-5b-76-bf-e3-30 | 2019-12-08--11-29-33-730 | INFO  | pool-17-thread-1 | d.s.s.zero.apiimpl.scan.ScanManager [ScanManager.java:229] Starting to scan with 1 scan settings.
2019-12-08 11:29:48,726 | 2019-12-08--11-28-12-672 | <AppStudio> | c8-5b-76-bf-e3-30 | 2019-12-08--11-29-33-730 | INFO  | pool-17-thread-2 | d.s.s.zero.apiimpl.scan.ScanManager [ScanManager.java:229] Starting to scan with 1 scan settings.
2019-12-08 11:29:48,729 | 2019-12-08--11-28-12-672 | <AppStudio> | c8-5b-76-bf-e3-30 | 2019-12-08--11-29-33-730 | INFO  | pool-17-thread-3 | d.s.s.zero.apiimpl.scan.ScanManager [ScanManager.java:229] Starting to scan with 3 scan settings.
2019-12-08 11:29:48,959 | 2019-12-08--11-28-12-672 | <AppStudio> | c8-5b-76-bf-e3-30 | 2019-12-08--11-29-33-730 | INFO  | GE-pool-17-thread-3-3 | d.s.s.c.cola.TCPConnection [TCPConnection.java:203] Using non secured TCP connection
2019-12-08 11:29:48,961 | 2019-12-08--11-28-12-672 | <AppStudio> | c8-5b-76-bf-e3-30 | 2019-12-08--11-29-33-730 | INFO  | GE-pool-17-thread-3-2 | d.s.s.c.cola.TCPConnection [TCPConnection.java:203] Using non secured TCP connection
2019-12-08 11:29:48,961 | 2019-12-08--11-28-12-672 | <AppStudio> | c8-5b-76-bf-e3-30 | 2019-12-08--11-29-33-730 | INFO  | GE-pool-17-thread-3-1 | d.s.s.c.cola.TCPConnection [TCPConnection.java:203] Using non secured TCP connection
2019-12-08 11:29:49,461 | 2019-12-08--11-28-12-672 | <AppStudio> | c8-5b-76-bf-e3-30 | 2019-12-08--11-29-33-730 | INFO  | GE-pool-17-thread-3-3 | d.s.s.c.cola.TCPConnection [TCPConnection.java:203] Using non secured TCP connection
2019-12-08 11:29:49,463 | 2019-12-08--11-28-12-672 | <AppStudio> | c8-5b-76-bf-e3-30 | 2019-12-08--11-29-33-730 | INFO  | GE-pool-17-thread-3-2 | d.s.s.c.cola.TCPConnection [TCPConnection.java:203] Using non secured TCP connection
2019-12-08 11:29:49,473 | 2019-12-08--11-28-12-672 | <AppStudio> | c8-5b-76-bf-e3-30 | 2019-12-08--11-29-33-730 | INFO  | GE-pool-17-thread-3-1 | d.s.s.c.cola.TCPConnection [TCPConnection.java:203] Using non secured TCP connection
2019-12-08 11:29:49,890 | 2019-12-08--11-28-12-672 | <AppStudio> | c8-5b-76-bf-e3-30 | 2019-12-08--11-29-33-730 | INFO  | JavaFX Application Thread | d.s.a.m.project.AppModelController [AppModelController.java:218] Successfully loaded working directory E:\AIN\6_Semester\LIDAR_AppSpace\work
2019-12-08 11:29:49,965 | 2019-12-08--11-28-12-672 | <AppStudio> | c8-5b-76-bf-e3-30 | 2019-12-08--11-29-33-730 | INFO  | GE-pool-17-thread-3-2 | d.s.s.c.cola.TCPConnection [TCPConnection.java:203] Using non secured TCP connection
2019-12-08 11:29:49,974 | 2019-12-08--11-28-12-672 | <AppStudio> | c8-5b-76-bf-e3-30 | 2019-12-08--11-29-33-730 | INFO  | GE-pool-17-thread-3-1 | d.s.s.c.cola.TCPConnection [TCPConnection.java:203] Using non secured TCP connection
2019-12-08 11:29:50,470 | 2019-12-08--11-28-12-672 | <AppStudio> | c8-5b-76-bf-e3-30 | 2019-12-08--11-29-33-730 | INFO  | GE-pool-17-thread-3-2 | d.s.s.c.cola.TCPConnection [TCPConnection.java:203] Using non secured TCP connection
2019-12-08 11:29:50,477 | 2019-12-08--11-28-12-672 | <AppStudio> | c8-5b-76-bf-e3-30 | 2019-12-08--11-29-33-730 | INFO  | GE-pool-17-thread-3-1 | d.s.s.c.cola.TCPConnection [TCPConnection.java:203] Using non secured TCP connection
2019-12-08 11:29:50,963 | 2019-12-08--11-28-12-672 | <AppStudio> | c8-5b-76-bf-e3-30 | 2019-12-08--11-29-33-730 | INFO  | GE-pool-17-thread-3-3 | d.s.s.c.cola.TCPConnection [TCPConnection.java:203] Using non secured TCP connection
2019-12-08 11:29:50,972 | 2019-12-08--11-28-12-672 | <AppStudio> | c8-5b-76-bf-e3-30 | 2019-12-08--11-29-33-730 | INFO  | GE-pool-17-thread-3-2 | d.s.s.c.cola.TCPConnection [TCPConnection.java:203] Using non secured TCP connection
2019-12-08 11:29:50,979 | 2019-12-08--11-28-12-672 | <AppStudio> | c8-5b-76-bf-e3-30 | 2019-12-08--11-29-33-730 | INFO  | GE-pool-17-thread-3-1 | d.s.s.c.cola.TCPConnection [TCPConnection.java:203] Using non secured TCP connection
2019-12-08 11:29:51,465 | 2019-12-08--11-28-12-672 | <AppStudio> | c8-5b-76-bf-e3-30 | 2019-12-08--11-29-33-730 | INFO  | GE-pool-17-thread-3-3 | d.s.s.c.cola.TCPConnection [TCPConnection.java:203] Using non secured TCP connection
2019-12-08 11:29:51,475 | 2019-12-08--11-28-12-672 | <AppStudio> | c8-5b-76-bf-e3-30 | 2019-12-08--11-29-33-730 | INFO  | GE-pool-17-thread-3-2 | d.s.s.c.cola.TCPConnection [TCPConnection.java:203] Using non secured TCP connection
2019-12-08 11:29:51,481 | 2019-12-08--11-28-12-672 | <AppStudio> | c8-5b-76-bf-e3-30 | 2019-12-08--11-29-33-730 | INFO  | GE-pool-17-thread-3-1 | d.s.s.c.cola.TCPConnection [TCPConnection.java:203] Using non secured TCP connection
2019-12-08 11:29:51,976 | 2019-12-08--11-28-12-672 | <AppStudio> | c8-5b-76-bf-e3-30 | 2019-12-08--11-29-33-730 | INFO  | GE-pool-17-thread-3-2 | d.s.s.c.cola.TCPConnection [TCPConnection.java:203] Using non secured TCP connection
2019-12-08 11:29:51,982 | 2019-12-08--11-28-12-672 | <AppStudio> | c8-5b-76-bf-e3-30 | 2019-12-08--11-29-33-730 | INFO  | GE-pool-17-thread-3-1 | d.s.s.c.cola.TCPConnection [TCPConnection.java:203] Using non secured TCP connection
2019-12-08 11:29:52,478 | 2019-12-08--11-28-12-672 | <AppStudio> | c8-5b-76-bf-e3-30 | 2019-12-08--11-29-33-730 | INFO  | GE-pool-17-thread-3-2 | d.s.s.c.cola.TCPConnection [TCPConnection.java:203] Using non secured TCP connection
2019-12-08 11:29:52,484 | 2019-12-08--11-28-12-672 | <AppStudio> | c8-5b-76-bf-e3-30 | 2019-12-08--11-29-33-730 | INFO  | GE-pool-17-thread-3-1 | d.s.s.c.cola.TCPConnection [TCPConnection.java:203] Using non secured TCP connection
2019-12-08 11:29:52,967 | 2019-12-08--11-28-12-672 | <AppStudio> | c8-5b-76-bf-e3-30 | 2019-12-08--11-29-33-730 | INFO  | GE-pool-17-thread-3-3 | d.s.s.c.cola.TCPConnection [TCPConnection.java:203] Using non secured TCP connection
2019-12-08 11:29:53,469 | 2019-12-08--11-28-12-672 | <AppStudio> | c8-5b-76-bf-e3-30 | 2019-12-08--11-29-33-730 | INFO  | GE-pool-17-thread-3-3 | d.s.s.c.cola.TCPConnection [TCPConnection.java:203] Using non secured TCP connection
2019-12-08 11:29:54,971 | 2019-12-08--11-28-12-672 | <AppStudio> | c8-5b-76-bf-e3-30 | 2019-12-08--11-29-33-730 | INFO  | GE-pool-17-thread-3-3 | d.s.s.c.cola.TCPConnection [TCPConnection.java:203] Using non secured TCP connection
2019-12-08 11:29:55,474 | 2019-12-08--11-28-12-672 | <AppStudio> | c8-5b-76-bf-e3-30 | 2019-12-08--11-29-33-730 | INFO  | GE-pool-17-thread-3-3 | d.s.s.c.cola.TCPConnection [TCPConnection.java:203] Using non secured TCP connection
2019-12-08 11:29:55,735 | 2019-12-08--11-28-12-672 | <AppStudio> | c8-5b-76-bf-e3-30 | 2019-12-08--11-29-33-730 | INFO  | Thread-27 | d.s.a.n.n.p.NodeServiceProvider [NodeServiceProvider.java:255] UI-Builder Service : Server started on port: 4103
2019-12-08 11:29:56,975 | 2019-12-08--11-28-12-672 | <AppStudio> | c8-5b-76-bf-e3-30 | 2019-12-08--11-29-33-730 | INFO  | pool-17-thread-3 | d.s.s.zero.apiimpl.scan.ScanManager [ScanManager.java:356] Scan completed
2019-12-08 11:29:56,976 | 2019-12-08--11-28-12-672 | <AppStudio> | c8-5b-76-bf-e3-30 | 2019-12-08--11-29-33-730 | INFO  | pool-17-thread-3 | d.s.s.zero.apiimpl.scan.ScanManager [ScanManager.java:358] The complete scan took 8256ms.
2019-12-08 11:29:57,254 | 2019-12-08--11-28-12-672 | <AppStudio> | c8-5b-76-bf-e3-30 | 2019-12-08--11-29-33-730 | INFO  | GE-pool-17-thread-2-1 | d.s.s.zero.apiimpl.scan.ScanManager [ScanManager.java:1162] Found 0 devices with CoLa2-Discovery.
2019-12-08 11:29:57,255 | 2019-12-08--11-28-12-672 | <AppStudio> | c8-5b-76-bf-e3-30 | 2019-12-08--11-29-33-730 | INFO  | pool-17-thread-2 | d.s.s.zero.apiimpl.scan.ScanManager [ScanManager.java:356] Scan completed
2019-12-08 11:29:57,255 | 2019-12-08--11-28-12-672 | <AppStudio> | c8-5b-76-bf-e3-30 | 2019-12-08--11-29-33-730 | INFO  | pool-17-thread-2 | d.s.s.zero.apiimpl.scan.ScanManager [ScanManager.java:358] The complete scan took 8535ms.
2019-12-08 11:29:57,278 | 2019-12-08--11-28-12-672 | <AppStudio> | c8-5b-76-bf-e3-30 | 2019-12-08--11-29-33-730 | INFO  | GE-pool-17-thread-1-1 | d.s.s.zero.apiimpl.scan.ScanManager [ScanManager.java:1860] Found 2 equal IP addresses, now checking if we found a reachable duplicate for: 192.168.1.20
2019-12-08 11:29:57,820 | 2019-12-08--11-28-12-672 | <AppStudio> | c8-5b-76-bf-e3-30 | 2019-12-08--11-29-33-730 | INFO  | GE-pool-17-thread-1-1 | d.s.s.zero.apiimpl.scan.ScanManager [ScanManager.java:875] Found 1 devices with AutoIP (0 reachable duplicates)
2019-12-08 11:29:57,821 | 2019-12-08--11-28-12-672 | <AppStudio> | c8-5b-76-bf-e3-30 | 2019-12-08--11-29-33-730 | WARN  | GE-pool-17-thread-1-1 | d.s.s.zero.apiimpl.scan.ScanManager [ScanManager.java:988] No ports specified in AutoIP answer. Will fall back to 2111 and 2112.
2019-12-08 11:29:57,823 | 2019-12-08--11-28-12-672 | <AppStudio> | c8-5b-76-bf-e3-30 | 2019-12-08--11-29-33-730 | INFO  | GE-GE-pool-17-thread-1-1-2 | d.s.s.c.cola.TCPConnection [TCPConnection.java:203] Using non secured TCP connection
2019-12-08 11:29:57,851 | 2019-12-08--11-28-12-672 | <AppStudio> | c8-5b-76-bf-e3-30 | 2019-12-08--11-29-33-730 | INFO  | GE-GE-pool-17-thread-1-1-2 | d.s.s.c.cola.TCPConnection [TCPConnection.java:203] Using non secured TCP connection
2019-12-08 11:29:58,030 | 2019-12-08--11-28-12-672 | <AppStudio> | c8-5b-76-bf-e3-30 | 2019-12-08--11-29-33-730 | INFO  | GE-GE-pool-17-thread-1-1-2 | d.s.s.c.cola.TCPConnection [TCPConnection.java:203] Using non secured TCP connection
2019-12-08 11:29:58,037 | 2019-12-08--11-28-12-672 | <AppStudio> | c8-5b-76-bf-e3-30 | 2019-12-08--11-29-33-730 | INFO  | GE-GE-pool-17-thread-1-1-2 | d.s.s.c.cola.TCPConnection [TCPConnection.java:203] Using non secured TCP connection
2019-12-08 11:29:58,063 | 2019-12-08--11-28-12-672 | <AppStudio> | c8-5b-76-bf-e3-30 | 2019-12-08--11-29-33-730 | INFO  | pool-17-thread-1 | d.s.s.zero.apiimpl.scan.ScanManager [ScanManager.java:356] Scan completed
2019-12-08 11:29:58,063 | 2019-12-08--11-28-12-672 | <AppStudio> | c8-5b-76-bf-e3-30 | 2019-12-08--11-29-33-730 | INFO  | pool-17-thread-1 | d.s.s.zero.apiimpl.scan.ScanManager [ScanManager.java:358] The complete scan took 9343ms.
2019-12-08 11:29:58,066 | 2019-12-08--11-28-12-672 | <AppStudio> | c8-5b-76-bf-e3-30 | 2019-12-08--11-29-33-730 | INFO  | pool-17-thread-1 | d.s.s.c.cola.TCPConnection [TCPConnection.java:203] Using non secured TCP connection
2019-12-08 11:29:58,084 | 2019-12-08--11-28-12-672 | <AppStudio> | c8-5b-76-bf-e3-30 | 2019-12-08--11-29-33-730 | INFO  | pool-17-thread-1 | d.s.s.c.cola.TCPConnection [TCPConnection.java:203] Using non secured TCP connection
2019-12-08 11:29:58,090 | 2019-12-08--11-28-12-672 | <AppStudio> | c8-5b-76-bf-e3-30 | 2019-12-08--11-29-33-730 | INFO  | pool-17-thread-1 | d.s.a.d.c.common.DescriptionManager [DescriptionManager.java:592] Unique Device Name:MRS1xxxP_19420006_T 1.0.0.3_
2019-12-08 11:29:58,095 | 2019-12-08--11-28-12-672 | <AppStudio> | c8-5b-76-bf-e3-30 | 2019-12-08--11-29-33-730 | INFO  | pool-17-thread-1 | d.s.a.d.c.common.DescriptionManager [DescriptionManager.java:599] Using cached SDD File
2019-12-08 11:29:59,302 | 2019-12-08--11-28-12-672 | <AppStudio> | c8-5b-76-bf-e3-30 | 2019-12-08--11-29-33-730 | INFO  | pool-17-thread-1 | d.s.a.d.p.DeviceScanServiceImpl [DeviceScanServiceImpl.java:224] Found device SN 19420006 at 192.168.1.20:2112
2019-12-08 11:29:59,302 | 2019-12-08--11-28-12-672 | <AppStudio> | c8-5b-76-bf-e3-30 | 2019-12-08--11-29-33-730 | INFO  | pool-17-thread-1 | d.s.s.c.cola.TCPConnection [TCPConnection.java:203] Using non secured TCP connection
2019-12-08 11:29:59,327 | 2019-12-08--11-28-12-672 | <AppStudio> | c8-5b-76-bf-e3-30 | 2019-12-08--11-29-33-730 | INFO  | pool-17-thread-1 | d.s.s.c.cola.TCPConnection [TCPConnection.java:203] Using non secured TCP connection
2019-12-08 11:29:59,330 | 2019-12-08--11-28-12-672 | <AppStudio> | c8-5b-76-bf-e3-30 | 2019-12-08--11-29-33-730 | INFO  | pool-17-thread-1 | d.s.a.d.c.common.DescriptionManager [DescriptionManager.java:592] Unique Device Name:MRS1xxxP_19420006_T 1.0.0.3_
2019-12-08 11:29:59,332 | 2019-12-08--11-28-12-672 | <AppStudio> | c8-5b-76-bf-e3-30 | 2019-12-08--11-29-33-730 | INFO  | pool-17-thread-1 | d.s.a.d.c.common.DescriptionManager [DescriptionManager.java:599] Using cached SDD File
2019-12-08 11:29:59,916 | 2019-12-08--11-28-12-672 | <AppStudio> | c8-5b-76-bf-e3-30 | 2019-12-08--11-29-33-730 | INFO  | pool-17-thread-1 | d.s.a.d.p.DeviceScanServiceImpl [DeviceScanServiceImpl.java:224] Found device SN 19420006 at 192.168.1.20:2111
2019-12-08 11:29:59,916 | 2019-12-08--11-28-12-672 | <AppStudio> | c8-5b-76-bf-e3-30 | 2019-12-08--11-29-33-730 | INFO  | pool-15-thread-1 | d.s.a.d.p.DeviceScanServiceImpl [DeviceScanServiceImpl.java:264] Finished ethernet device scan
2019-12-08 11:29:59,919 | 2019-12-08--11-28-12-672 | <AppStudio> | c8-5b-76-bf-e3-30 | 2019-12-08--11-29-33-730 | INFO  | pool-15-thread-1 | d.s.a.d.p.DeviceScanServiceImpl [DeviceScanServiceImpl.java:93] Starting USB device scan
2019-12-08 11:29:59,968 | 2019-12-08--11-28-12-672 | <AppStudio> | c8-5b-76-bf-e3-30 | 2019-12-08--11-29-33-730 | INFO  | pool-18-thread-1 | de.sick.sopas.usb.USBDeviceStandard [USBDeviceStandard.java:58] The bitness is 64, start loading SopasUSB 64bit library (SopasUSB_64)....
2019-12-08 11:30:00,185 | 2019-12-08--11-28-12-672 | <AppStudio> | c8-5b-76-bf-e3-30 | 2019-12-08--11-29-33-730 | INFO  | pool-18-thread-1 | d.s.s.zero.apiimpl.scan.ScanManager [ScanManager.java:229] Starting to scan with 0 scan settings.
2019-12-08 11:30:00,186 | 2019-12-08--11-28-12-672 | <AppStudio> | c8-5b-76-bf-e3-30 | 2019-12-08--11-29-33-730 | INFO  | pool-18-thread-1 | d.s.s.zero.apiimpl.scan.ScanManager [ScanManager.java:356] Scan completed
2019-12-08 11:30:00,186 | 2019-12-08--11-28-12-672 | <AppStudio> | c8-5b-76-bf-e3-30 | 2019-12-08--11-29-33-730 | INFO  | pool-18-thread-1 | d.s.s.zero.apiimpl.scan.ScanManager [ScanManager.java:358] The complete scan took 1ms.
2019-12-08 11:30:00,186 | 2019-12-08--11-28-12-672 | <AppStudio> | c8-5b-76-bf-e3-30 | 2019-12-08--11-29-33-730 | INFO  | pool-15-thread-1 | d.s.a.d.p.DeviceScanServiceImpl [DeviceScanServiceImpl.java:165] Finished USB device search
2019-12-08 11:30:00,188 | 2019-12-08--11-28-12-672 | <AppStudio> | c8-5b-76-bf-e3-30 | 2019-12-08--11-29-33-730 | INFO  | pool-15-thread-1 | d.s.a.d.p.DeviceScanServiceImpl [DeviceScanServiceImpl.java:306] Finished general device scan
2019-12-08 11:30:08,327 | 2019-12-08--11-28-12-672 | <AppStudio> | c8-5b-76-bf-e3-30 | 2019-12-08--11-29-33-730 | INFO  | pool-21-thread-1 | d.s.a.d.connections.SOPASConnection [SOPASConnection.java:114] Connect to IP/127.0.0.1:2111?DIALECT=Cola A&ADDRMODE=BY_NAME&HUB=
2019-12-08 11:30:08,328 | 2019-12-08--11-28-12-672 | <AppStudio> | c8-5b-76-bf-e3-30 | 2019-12-08--11-29-33-730 | INFO  | pool-21-thread-1 | d.s.s.c.cola.TCPConnection [TCPConnection.java:203] Using non secured TCP connection
2019-12-08 11:30:08,350 | 2019-12-08--11-28-12-672 | <AppStudio> | c8-5b-76-bf-e3-30 | 2019-12-08--11-29-33-730 | INFO  | pool-21-thread-1 | d.s.s.c.cola.TCPConnection [TCPConnection.java:203] Using non secured TCP connection
2019-12-08 11:30:08,354 | 2019-12-08--11-28-12-672 | <AppStudio> | c8-5b-76-bf-e3-30 | 2019-12-08--11-29-33-730 | INFO  | pool-21-thread-1 | d.s.a.d.c.common.DescriptionManager [DescriptionManager.java:592] Unique Device Name:AppStudioEmulator_12345678_2.9.0.973_
2019-12-08 11:30:08,359 | 2019-12-08--11-28-12-672 | <AppStudio> | c8-5b-76-bf-e3-30 | 2019-12-08--11-29-33-730 | INFO  | pool-21-thread-1 | d.s.a.d.c.common.DescriptionManager [DescriptionManager.java:599] Using cached SDD File
2019-12-08 11:30:08,531 | 2019-12-08--11-28-12-672 | <AppStudio> | c8-5b-76-bf-e3-30 | 2019-12-08--11-29-33-730 | INFO  | pool-21-thread-1 | d.s.a.d.connections.SOPASConnection [SOPASConnection.java:242] Disconnecting device
2019-12-08 11:30:08,549 | 2019-12-08--11-28-12-672 | <AppStudio> | c8-5b-76-bf-e3-30 | 2019-12-08--11-29-33-730 | INFO  | pool-22-thread-1 | d.s.a.d.p.DeviceScanServiceImpl [DeviceScanServiceImpl.java:278] Starting general device scan
2019-12-08 11:30:08,551 | 2019-12-08--11-28-12-672 | <AppStudio> | c8-5b-76-bf-e3-30 | 2019-12-08--11-29-33-730 | INFO  | pool-22-thread-1 | d.s.a.d.p.DeviceScanServiceImpl [DeviceScanServiceImpl.java:192] Starting device scan, Adresses: [/192.168.0.1, /127.0.0.1], Ports:[2111, 2122]
2019-12-08 11:30:08,552 | 2019-12-08--11-28-12-672 | <AppStudio> | c8-5b-76-bf-e3-30 | 2019-12-08--11-29-33-730 | INFO  | pool-24-thread-1 | d.s.s.zero.apiimpl.scan.ScanManager [ScanManager.java:229] Starting to scan with 1 scan settings.
2019-12-08 11:30:08,552 | 2019-12-08--11-28-12-672 | <AppStudio> | c8-5b-76-bf-e3-30 | 2019-12-08--11-29-33-730 | INFO  | pool-24-thread-2 | d.s.s.zero.apiimpl.scan.ScanManager [ScanManager.java:229] Starting to scan with 1 scan settings.
2019-12-08 11:30:08,553 | 2019-12-08--11-28-12-672 | <AppStudio> | c8-5b-76-bf-e3-30 | 2019-12-08--11-29-33-730 | INFO  | pool-24-thread-3 | d.s.s.zero.apiimpl.scan.ScanManager [ScanManager.java:229] Starting to scan with 3 scan settings.
2019-12-08 11:30:08,566 | 2019-12-08--11-28-12-672 | <AppStudio> | c8-5b-76-bf-e3-30 | 2019-12-08--11-29-33-730 | INFO  | GE-pool-24-thread-3-1 | d.s.s.c.cola.TCPConnection [TCPConnection.java:203] Using non secured TCP connection
2019-12-08 11:30:08,569 | 2019-12-08--11-28-12-672 | <AppStudio> | c8-5b-76-bf-e3-30 | 2019-12-08--11-29-33-730 | INFO  | GE-pool-24-thread-3-3 | d.s.s.c.cola.TCPConnection [TCPConnection.java:203] Using non secured TCP connection
2019-12-08 11:30:08,570 | 2019-12-08--11-28-12-672 | <AppStudio> | c8-5b-76-bf-e3-30 | 2019-12-08--11-29-33-730 | INFO  | GE-pool-24-thread-3-2 | d.s.s.c.cola.TCPConnection [TCPConnection.java:203] Using non secured TCP connection
2019-12-08 11:30:09,073 | 2019-12-08--11-28-12-672 | <AppStudio> | c8-5b-76-bf-e3-30 | 2019-12-08--11-29-33-730 | INFO  | GE-pool-24-thread-3-2 | d.s.s.c.cola.TCPConnection [TCPConnection.java:203] Using non secured TCP connection
2019-12-08 11:30:09,100 | 2019-12-08--11-28-12-672 | <AppStudio> | c8-5b-76-bf-e3-30 | 2019-12-08--11-29-33-730 | INFO  | GE-pool-24-thread-3-3 | d.s.s.c.cola.TCPConnection [TCPConnection.java:203] Using non secured TCP connection
2019-12-08 11:30:09,575 | 2019-12-08--11-28-12-672 | <AppStudio> | c8-5b-76-bf-e3-30 | 2019-12-08--11-29-33-730 | INFO  | GE-pool-24-thread-3-2 | d.s.s.c.cola.TCPConnection [TCPConnection.java:203] Using non secured TCP connection
2019-12-08 11:30:10,078 | 2019-12-08--11-28-12-672 | <AppStudio> | c8-5b-76-bf-e3-30 | 2019-12-08--11-29-33-730 | INFO  | GE-pool-24-thread-3-2 | d.s.s.c.cola.TCPConnection [TCPConnection.java:203] Using non secured TCP connection
2019-12-08 11:30:10,108 | 2019-12-08--11-28-12-672 | <AppStudio> | c8-5b-76-bf-e3-30 | 2019-12-08--11-29-33-730 | INFO  | GE-pool-24-thread-3-3 | d.s.s.c.cola.TCPConnection [TCPConnection.java:203] Using non secured TCP connection
2019-12-08 11:30:10,571 | 2019-12-08--11-28-12-672 | <AppStudio> | c8-5b-76-bf-e3-30 | 2019-12-08--11-29-33-730 | INFO  | GE-pool-24-thread-3-1 | d.s.s.c.cola.TCPConnection [TCPConnection.java:203] Using non secured TCP connection
2019-12-08 11:30:10,580 | 2019-12-08--11-28-12-672 | <AppStudio> | c8-5b-76-bf-e3-30 | 2019-12-08--11-29-33-730 | INFO  | GE-pool-24-thread-3-2 | d.s.s.c.cola.TCPConnection [TCPConnection.java:203] Using non secured TCP connection
2019-12-08 11:30:10,610 | 2019-12-08--11-28-12-672 | <AppStudio> | c8-5b-76-bf-e3-30 | 2019-12-08--11-29-33-730 | INFO  | GE-pool-24-thread-3-3 | d.s.s.c.cola.TCPConnection [TCPConnection.java:203] Using non secured TCP connection
2019-12-08 11:30:11,082 | 2019-12-08--11-28-12-672 | <AppStudio> | c8-5b-76-bf-e3-30 | 2019-12-08--11-29-33-730 | INFO  | GE-pool-24-thread-3-2 | d.s.s.c.cola.TCPConnection [TCPConnection.java:203] Using non secured TCP connection
2019-12-08 11:30:11,084 | 2019-12-08--11-28-12-672 | <AppStudio> | c8-5b-76-bf-e3-30 | 2019-12-08--11-29-33-730 | INFO  | GE-pool-24-thread-3-1 | d.s.s.c.cola.TCPConnection [TCPConnection.java:203] Using non secured TCP connection
2019-12-08 11:30:11,585 | 2019-12-08--11-28-12-672 | <AppStudio> | c8-5b-76-bf-e3-30 | 2019-12-08--11-29-33-730 | INFO  | GE-pool-24-thread-3-2 | d.s.s.c.cola.TCPConnection [TCPConnection.java:203] Using non secured TCP connection
2019-12-08 11:30:11,686 | 2019-12-08--11-28-12-672 | <AppStudio> | c8-5b-76-bf-e3-30 | 2019-12-08--11-29-33-730 | INFO  | GE-pool-24-thread-3-1 | d.s.s.c.cola.TCPConnection [TCPConnection.java:203] Using non secured TCP connection
2019-12-08 11:30:11,694 | 2019-12-08--11-28-12-672 | <AppStudio> | c8-5b-76-bf-e3-30 | 2019-12-08--11-29-33-730 | INFO  | GE-pool-24-thread-3-1 | d.s.s.c.cola.TCPConnection [TCPConnection.java:203] Using non secured TCP connection
2019-12-08 11:30:12,087 | 2019-12-08--11-28-12-672 | <AppStudio> | c8-5b-76-bf-e3-30 | 2019-12-08--11-29-33-730 | INFO  | GE-pool-24-thread-3-2 | d.s.s.c.cola.TCPConnection [TCPConnection.java:203] Using non secured TCP connection
2019-12-08 11:30:12,112 | 2019-12-08--11-28-12-672 | <AppStudio> | c8-5b-76-bf-e3-30 | 2019-12-08--11-29-33-730 | INFO  | GE-pool-24-thread-3-3 | d.s.s.c.cola.TCPConnection [TCPConnection.java:203] Using non secured TCP connection
2019-12-08 11:30:12,615 | 2019-12-08--11-28-12-672 | <AppStudio> | c8-5b-76-bf-e3-30 | 2019-12-08--11-29-33-730 | INFO  | GE-pool-24-thread-3-3 | d.s.s.c.cola.TCPConnection [TCPConnection.java:203] Using non secured TCP connection
2019-12-08 11:30:13,256 | 2019-12-08--11-28-12-672 | <AppStudio> | c8-5b-76-bf-e3-30 | 2019-12-08--11-29-33-730 | INFO  | GE-pool-24-thread-2-1 | d.s.s.zero.apiimpl.scan.ScanManager [ScanManager.java:1162] Found 0 devices with CoLa2-Discovery.
2019-12-08 11:30:13,258 | 2019-12-08--11-28-12-672 | <AppStudio> | c8-5b-76-bf-e3-30 | 2019-12-08--11-29-33-730 | INFO  | pool-24-thread-2 | d.s.s.zero.apiimpl.scan.ScanManager [ScanManager.java:356] Scan completed
2019-12-08 11:30:13,259 | 2019-12-08--11-28-12-672 | <AppStudio> | c8-5b-76-bf-e3-30 | 2019-12-08--11-29-33-730 | INFO  | pool-24-thread-2 | d.s.s.zero.apiimpl.scan.ScanManager [ScanManager.java:358] The complete scan took 4707ms.
2019-12-08 11:30:14,118 | 2019-12-08--11-28-12-672 | <AppStudio> | c8-5b-76-bf-e3-30 | 2019-12-08--11-29-33-730 | INFO  | pool-24-thread-3 | d.s.s.zero.apiimpl.scan.ScanManager [ScanManager.java:356] Scan completed
2019-12-08 11:30:14,119 | 2019-12-08--11-28-12-672 | <AppStudio> | c8-5b-76-bf-e3-30 | 2019-12-08--11-29-33-730 | INFO  | pool-24-thread-3 | d.s.s.zero.apiimpl.scan.ScanManager [ScanManager.java:358] The complete scan took 5566ms.
2019-12-08 11:30:14,120 | 2019-12-08--11-28-12-672 | <AppStudio> | c8-5b-76-bf-e3-30 | 2019-12-08--11-29-33-730 | INFO  | pool-24-thread-3 | d.s.s.c.cola.TCPConnection [TCPConnection.java:203] Using non secured TCP connection
2019-12-08 11:30:14,150 | 2019-12-08--11-28-12-672 | <AppStudio> | c8-5b-76-bf-e3-30 | 2019-12-08--11-29-33-730 | INFO  | pool-24-thread-3 | d.s.s.c.cola.TCPConnection [TCPConnection.java:203] Using non secured TCP connection
2019-12-08 11:30:14,154 | 2019-12-08--11-28-12-672 | <AppStudio> | c8-5b-76-bf-e3-30 | 2019-12-08--11-29-33-730 | INFO  | pool-24-thread-3 | d.s.a.d.c.common.DescriptionManager [DescriptionManager.java:592] Unique Device Name:AppStudioEmulator_12345678_2.9.0.973_
2019-12-08 11:30:14,155 | 2019-12-08--11-28-12-672 | <AppStudio> | c8-5b-76-bf-e3-30 | 2019-12-08--11-29-33-730 | INFO  | pool-24-thread-3 | d.s.a.d.c.common.DescriptionManager [DescriptionManager.java:599] Using cached SDD File
2019-12-08 11:30:14,353 | 2019-12-08--11-28-12-672 | <AppStudio> | c8-5b-76-bf-e3-30 | 2019-12-08--11-29-33-730 | INFO  | pool-24-thread-3 | d.s.a.d.p.DeviceScanServiceImpl [DeviceScanServiceImpl.java:224] Found device not defined at 127.0.0.1:2111
2019-12-08 11:30:14,500 | 2019-12-08--11-28-12-672 | <AppStudio> | c8-5b-76-bf-e3-30 | 2019-12-08--11-29-33-730 | INFO  | GE-pool-24-thread-1-1 | d.s.s.zero.apiimpl.scan.ScanManager [ScanManager.java:1860] Found 2 equal IP addresses, now checking if we found a reachable duplicate for: 192.168.1.20
2019-12-08 11:30:14,501 | 2019-12-08--11-28-12-672 | <AppStudio> | c8-5b-76-bf-e3-30 | 2019-12-08--11-29-33-730 | INFO  | GE-pool-24-thread-1-1 | d.s.s.zero.apiimpl.scan.ScanManager [ScanManager.java:1860] Found 2 equal IP addresses, now checking if we found a reachable duplicate for: 192.168.1.10
2019-12-08 11:30:15,557 | 2019-12-08--11-28-12-672 | <AppStudio> | c8-5b-76-bf-e3-30 | 2019-12-08--11-29-33-730 | INFO  | GE-pool-24-thread-1-1 | d.s.s.zero.apiimpl.scan.ScanManager [ScanManager.java:875] Found 2 devices with AutoIP (0 reachable duplicates)
2019-12-08 11:30:15,558 | 2019-12-08--11-28-12-672 | <AppStudio> | c8-5b-76-bf-e3-30 | 2019-12-08--11-29-33-730 | WARN  | GE-pool-24-thread-1-1 | d.s.s.zero.apiimpl.scan.ScanManager [ScanManager.java:988] No ports specified in AutoIP answer. Will fall back to 2111 and 2112.
2019-12-08 11:30:15,559 | 2019-12-08--11-28-12-672 | <AppStudio> | c8-5b-76-bf-e3-30 | 2019-12-08--11-29-33-730 | WARN  | GE-pool-24-thread-1-1 | d.s.s.zero.apiimpl.scan.ScanManager [ScanManager.java:988] No ports specified in AutoIP answer. Will fall back to 2111 and 2112.
2019-12-08 11:30:15,560 | 2019-12-08--11-28-12-672 | <AppStudio> | c8-5b-76-bf-e3-30 | 2019-12-08--11-29-33-730 | INFO  | GE-GE-pool-24-thread-1-1-2 | d.s.s.c.cola.TCPConnection [TCPConnection.java:203] Using non secured TCP connection
2019-12-08 11:30:15,562 | 2019-12-08--11-28-12-672 | <AppStudio> | c8-5b-76-bf-e3-30 | 2019-12-08--11-29-33-730 | INFO  | GE-GE-pool-24-thread-1-1-3 | d.s.s.c.cola.TCPConnection [TCPConnection.java:203] Using non secured TCP connection
2019-12-08 11:30:15,570 | 2019-12-08--11-28-12-672 | <AppStudio> | c8-5b-76-bf-e3-30 | 2019-12-08--11-29-33-730 | INFO  | GE-GE-pool-24-thread-1-1-2 | d.s.s.c.cola.TCPConnection [TCPConnection.java:203] Using non secured TCP connection
2019-12-08 11:30:15,571 | 2019-12-08--11-28-12-672 | <AppStudio> | c8-5b-76-bf-e3-30 | 2019-12-08--11-29-33-730 | INFO  | GE-GE-pool-24-thread-1-1-3 | d.s.s.c.cola.TCPConnection [TCPConnection.java:203] Using non secured TCP connection
2019-12-08 11:30:15,594 | 2019-12-08--11-28-12-672 | <AppStudio> | c8-5b-76-bf-e3-30 | 2019-12-08--11-29-33-730 | INFO  | GE-GE-pool-24-thread-1-1-3 | d.s.s.c.cola.TCPConnection [TCPConnection.java:203] Using non secured TCP connection
2019-12-08 11:30:15,596 | 2019-12-08--11-28-12-672 | <AppStudio> | c8-5b-76-bf-e3-30 | 2019-12-08--11-29-33-730 | INFO  | GE-GE-pool-24-thread-1-1-2 | d.s.s.c.cola.TCPConnection [TCPConnection.java:203] Using non secured TCP connection
2019-12-08 11:30:15,602 | 2019-12-08--11-28-12-672 | <AppStudio> | c8-5b-76-bf-e3-30 | 2019-12-08--11-29-33-730 | INFO  | GE-GE-pool-24-thread-1-1-3 | d.s.s.c.cola.TCPConnection [TCPConnection.java:203] Using non secured TCP connection
2019-12-08 11:30:15,604 | 2019-12-08--11-28-12-672 | <AppStudio> | c8-5b-76-bf-e3-30 | 2019-12-08--11-29-33-730 | INFO  | GE-GE-pool-24-thread-1-1-2 | d.s.s.c.cola.TCPConnection [TCPConnection.java:203] Using non secured TCP connection
2019-12-08 11:30:15,628 | 2019-12-08--11-28-12-672 | <AppStudio> | c8-5b-76-bf-e3-30 | 2019-12-08--11-29-33-730 | INFO  | pool-24-thread-1 | d.s.s.zero.apiimpl.scan.ScanManager [ScanManager.java:356] Scan completed
2019-12-08 11:30:15,629 | 2019-12-08--11-28-12-672 | <AppStudio> | c8-5b-76-bf-e3-30 | 2019-12-08--11-29-33-730 | INFO  | pool-24-thread-1 | d.s.s.zero.apiimpl.scan.ScanManager [ScanManager.java:358] The complete scan took 7077ms.
2019-12-08 11:30:15,629 | 2019-12-08--11-28-12-672 | <AppStudio> | c8-5b-76-bf-e3-30 | 2019-12-08--11-29-33-730 | INFO  | pool-24-thread-1 | d.s.s.c.cola.TCPConnection [TCPConnection.java:203] Using non secured TCP connection
2019-12-08 11:30:15,649 | 2019-12-08--11-28-12-672 | <AppStudio> | c8-5b-76-bf-e3-30 | 2019-12-08--11-29-33-730 | INFO  | pool-24-thread-1 | d.s.s.c.cola.TCPConnection [TCPConnection.java:203] Using non secured TCP connection
2019-12-08 11:30:15,652 | 2019-12-08--11-28-12-672 | <AppStudio> | c8-5b-76-bf-e3-30 | 2019-12-08--11-29-33-730 | INFO  | pool-24-thread-1 | d.s.a.d.c.common.DescriptionManager [DescriptionManager.java:592] Unique Device Name:MRS1xxxP_19420006_T 1.0.0.3_
2019-12-08 11:30:15,653 | 2019-12-08--11-28-12-672 | <AppStudio> | c8-5b-76-bf-e3-30 | 2019-12-08--11-29-33-730 | INFO  | pool-24-thread-1 | d.s.a.d.c.common.DescriptionManager [DescriptionManager.java:599] Using cached SDD File
2019-12-08 11:30:16,184 | 2019-12-08--11-28-12-672 | <AppStudio> | c8-5b-76-bf-e3-30 | 2019-12-08--11-29-33-730 | INFO  | pool-24-thread-1 | d.s.a.d.p.DeviceScanServiceImpl [DeviceScanServiceImpl.java:224] Found device SN 19420006 at 192.168.1.20:2112
2019-12-08 11:30:16,185 | 2019-12-08--11-28-12-672 | <AppStudio> | c8-5b-76-bf-e3-30 | 2019-12-08--11-29-33-730 | INFO  | pool-24-thread-1 | d.s.s.c.cola.TCPConnection [TCPConnection.java:203] Using non secured TCP connection
2019-12-08 11:30:16,206 | 2019-12-08--11-28-12-672 | <AppStudio> | c8-5b-76-bf-e3-30 | 2019-12-08--11-29-33-730 | INFO  | pool-24-thread-1 | d.s.s.c.cola.TCPConnection [TCPConnection.java:203] Using non secured TCP connection
2019-12-08 11:30:16,209 | 2019-12-08--11-28-12-672 | <AppStudio> | c8-5b-76-bf-e3-30 | 2019-12-08--11-29-33-730 | INFO  | pool-24-thread-1 | d.s.a.d.c.common.DescriptionManager [DescriptionManager.java:592] Unique Device Name:MRS1xxxP_19420006_T 1.0.0.3_
2019-12-08 11:30:16,210 | 2019-12-08--11-28-12-672 | <AppStudio> | c8-5b-76-bf-e3-30 | 2019-12-08--11-29-33-730 | INFO  | pool-24-thread-1 | d.s.a.d.c.common.DescriptionManager [DescriptionManager.java:599] Using cached SDD File
2019-12-08 11:30:16,750 | 2019-12-08--11-28-12-672 | <AppStudio> | c8-5b-76-bf-e3-30 | 2019-12-08--11-29-33-730 | INFO  | pool-24-thread-1 | d.s.a.d.p.DeviceScanServiceImpl [DeviceScanServiceImpl.java:224] Found device SN 19420006 at 192.168.1.20:2111
2019-12-08 11:30:16,751 | 2019-12-08--11-28-12-672 | <AppStudio> | c8-5b-76-bf-e3-30 | 2019-12-08--11-29-33-730 | INFO  | pool-24-thread-1 | d.s.s.c.cola.TCPConnection [TCPConnection.java:203] Using non secured TCP connection
2019-12-08 11:30:16,771 | 2019-12-08--11-28-12-672 | <AppStudio> | c8-5b-76-bf-e3-30 | 2019-12-08--11-29-33-730 | INFO  | pool-24-thread-1 | d.s.s.c.cola.TCPConnection [TCPConnection.java:203] Using non secured TCP connection
2019-12-08 11:30:16,775 | 2019-12-08--11-28-12-672 | <AppStudio> | c8-5b-76-bf-e3-30 | 2019-12-08--11-29-33-730 | INFO  | pool-24-thread-1 | d.s.a.d.c.common.DescriptionManager [DescriptionManager.java:592] Unique Device Name:MRS1xxxP_19160019_T 1.0.0.3_
2019-12-08 11:30:16,777 | 2019-12-08--11-28-12-672 | <AppStudio> | c8-5b-76-bf-e3-30 | 2019-12-08--11-29-33-730 | INFO  | pool-24-thread-1 | d.s.a.d.c.common.DescriptionManager [DescriptionManager.java:599] Using cached SDD File
2019-12-08 11:30:17,226 | 2019-12-08--11-28-12-672 | <AppStudio> | c8-5b-76-bf-e3-30 | 2019-12-08--11-29-33-730 | INFO  | pool-24-thread-1 | d.s.a.d.p.DeviceScanServiceImpl [DeviceScanServiceImpl.java:224] Found device not defined at 192.168.1.10:2112
2019-12-08 11:30:17,227 | 2019-12-08--11-28-12-672 | <AppStudio> | c8-5b-76-bf-e3-30 | 2019-12-08--11-29-33-730 | INFO  | pool-24-thread-1 | d.s.s.c.cola.TCPConnection [TCPConnection.java:203] Using non secured TCP connection
2019-12-08 11:30:17,247 | 2019-12-08--11-28-12-672 | <AppStudio> | c8-5b-76-bf-e3-30 | 2019-12-08--11-29-33-730 | INFO  | pool-24-thread-1 | d.s.s.c.cola.TCPConnection [TCPConnection.java:203] Using non secured TCP connection
2019-12-08 11:30:17,250 | 2019-12-08--11-28-12-672 | <AppStudio> | c8-5b-76-bf-e3-30 | 2019-12-08--11-29-33-730 | INFO  | pool-24-thread-1 | d.s.a.d.c.common.DescriptionManager [DescriptionManager.java:592] Unique Device Name:MRS1xxxP_19160019_T 1.0.0.3_
2019-12-08 11:30:17,251 | 2019-12-08--11-28-12-672 | <AppStudio> | c8-5b-76-bf-e3-30 | 2019-12-08--11-29-33-730 | INFO  | pool-24-thread-1 | d.s.a.d.c.common.DescriptionManager [DescriptionManager.java:599] Using cached SDD File
2019-12-08 11:30:17,808 | 2019-12-08--11-28-12-672 | <AppStudio> | c8-5b-76-bf-e3-30 | 2019-12-08--11-29-33-730 | INFO  | pool-24-thread-1 | d.s.a.d.p.DeviceScanServiceImpl [DeviceScanServiceImpl.java:224] Found device not defined at 192.168.1.10:2111
2019-12-08 11:30:17,809 | 2019-12-08--11-28-12-672 | <AppStudio> | c8-5b-76-bf-e3-30 | 2019-12-08--11-29-33-730 | INFO  | pool-22-thread-1 | d.s.a.d.p.DeviceScanServiceImpl [DeviceScanServiceImpl.java:264] Finished ethernet device scan
2019-12-08 11:30:17,810 | 2019-12-08--11-28-12-672 | <AppStudio> | c8-5b-76-bf-e3-30 | 2019-12-08--11-29-33-730 | INFO  | pool-22-thread-1 | d.s.a.d.p.DeviceScanServiceImpl [DeviceScanServiceImpl.java:93] Starting USB device scan
2019-12-08 11:30:18,016 | 2019-12-08--11-28-12-672 | <AppStudio> | c8-5b-76-bf-e3-30 | 2019-12-08--11-29-33-730 | INFO  | pool-25-thread-1 | d.s.s.zero.apiimpl.scan.ScanManager [ScanManager.java:229] Starting to scan with 0 scan settings.
2019-12-08 11:30:18,016 | 2019-12-08--11-28-12-672 | <AppStudio> | c8-5b-76-bf-e3-30 | 2019-12-08--11-29-33-730 | INFO  | pool-25-thread-1 | d.s.s.zero.apiimpl.scan.ScanManager [ScanManager.java:356] Scan completed
2019-12-08 11:30:18,017 | 2019-12-08--11-28-12-672 | <AppStudio> | c8-5b-76-bf-e3-30 | 2019-12-08--11-29-33-730 | INFO  | pool-25-thread-1 | d.s.s.zero.apiimpl.scan.ScanManager [ScanManager.java:358] The complete scan took 1ms.
2019-12-08 11:30:18,017 | 2019-12-08--11-28-12-672 | <AppStudio> | c8-5b-76-bf-e3-30 | 2019-12-08--11-29-33-730 | INFO  | pool-22-thread-1 | d.s.a.d.p.DeviceScanServiceImpl [DeviceScanServiceImpl.java:165] Finished USB device search
2019-12-08 11:30:18,017 | 2019-12-08--11-28-12-672 | <AppStudio> | c8-5b-76-bf-e3-30 | 2019-12-08--11-29-33-730 | INFO  | pool-22-thread-1 | d.s.a.d.p.DeviceScanServiceImpl [DeviceScanServiceImpl.java:306] Finished general device scan
2019-12-08 11:30:26,143 | 2019-12-08--11-28-12-672 | <AppStudio> | c8-5b-76-bf-e3-30 | 2019-12-08--11-29-33-730 | INFO  | JavaFX Application Thread | d.s.a.d.ui.scan.DeviceScanView [DeviceScanView.java:191] CLOSING SEARCH DIALOG
2019-12-08 11:30:50,246 | 2019-12-08--11-28-12-672 | <AppStudio> | c8-5b-76-bf-e3-30 | 2019-12-08--11-29-33-730 | WARN  | JavaFX Application Thread | javafx.css [null:-1] Could not resolve '-fx-text-base-color' while resolving lookups for '-fx-text-fill' from rule '*.button' in stylesheet jar:file:/C:/Program%20Files/SICK/AppStudio%203.0.0/IDE/features/de.sick.appspace.jre_1.8.0.201/jre/lib/ext/jfxrt.jar!/com/sun/javafx/scene/control/skin/modena/modena.bss
2019-12-08 11:30:50,251 | 2019-12-08--11-28-12-672 | <AppStudio> | c8-5b-76-bf-e3-30 | 2019-12-08--11-29-33-730 | WARN  | JavaFX Application Thread | javafx.css [null:-1] Could not resolve '-fx-text-base-color' while resolving lookups for '-fx-text-fill' from rule '*.button' in stylesheet jar:file:/C:/Program%20Files/SICK/AppStudio%203.0.0/IDE/features/de.sick.appspace.jre_1.8.0.201/jre/lib/ext/jfxrt.jar!/com/sun/javafx/scene/control/skin/modena/modena.bss
2019-12-08 11:30:50,252 | 2019-12-08--11-28-12-672 | <AppStudio> | c8-5b-76-bf-e3-30 | 2019-12-08--11-29-33-730 | WARN  | JavaFX Application Thread | javafx.css [null:-1] Could not resolve '-fx-text-base-color' while resolving lookups for '-fx-text-fill' from rule '*.button' in stylesheet jar:file:/C:/Program%20Files/SICK/AppStudio%203.0.0/IDE/features/de.sick.appspace.jre_1.8.0.201/jre/lib/ext/jfxrt.jar!/com/sun/javafx/scene/control/skin/modena/modena.bss
2019-12-08 11:30:50,272 | 2019-12-08--11-28-12-672 | <AppStudio> | c8-5b-76-bf-e3-30 | 2019-12-08--11-29-33-730 | WARN  | JavaFX Application Thread | javafx.css [null:-1] Could not resolve '-fx-mark-highlight-color' while resolving lookups for '-fx-background-color' from rule '*.tool-bar-overflow-button>*.arrow' in stylesheet jar:file:/C:/Program%20Files/SICK/AppStudio%203.0.0/IDE/features/de.sick.appspace.jre_1.8.0.201/jre/lib/ext/jfxrt.jar!/com/sun/javafx/scene/control/skin/modena/modena.bss
2019-12-08 11:30:50,275 | 2019-12-08--11-28-12-672 | <AppStudio> | c8-5b-76-bf-e3-30 | 2019-12-08--11-29-33-730 | WARN  | JavaFX Application Thread | javafx.css [null:-1] Could not resolve '-fx-text-base-color' while resolving lookups for '-fx-text-fill' from rule '*.button' in stylesheet jar:file:/C:/Program%20Files/SICK/AppStudio%203.0.0/IDE/features/de.sick.appspace.jre_1.8.0.201/jre/lib/ext/jfxrt.jar!/com/sun/javafx/scene/control/skin/modena/modena.bss
2019-12-08 11:30:50,277 | 2019-12-08--11-28-12-672 | <AppStudio> | c8-5b-76-bf-e3-30 | 2019-12-08--11-29-33-730 | WARN  | JavaFX Application Thread | javafx.css [null:-1] Could not resolve '-fx-text-base-color' while resolving lookups for '-fx-text-fill' from rule '*.button' in stylesheet jar:file:/C:/Program%20Files/SICK/AppStudio%203.0.0/IDE/features/de.sick.appspace.jre_1.8.0.201/jre/lib/ext/jfxrt.jar!/com/sun/javafx/scene/control/skin/modena/modena.bss
2019-12-08 11:30:50,279 | 2019-12-08--11-28-12-672 | <AppStudio> | c8-5b-76-bf-e3-30 | 2019-12-08--11-29-33-730 | WARN  | JavaFX Application Thread | javafx.css [null:-1] Could not resolve '-fx-mark-highlight-color' while resolving lookups for '-fx-background-color' from rule '*.tool-bar-overflow-button>*.arrow' in stylesheet jar:file:/C:/Program%20Files/SICK/AppStudio%203.0.0/IDE/features/de.sick.appspace.jre_1.8.0.201/jre/lib/ext/jfxrt.jar!/com/sun/javafx/scene/control/skin/modena/modena.bss
2019-12-08 11:30:50,569 | 2019-12-08--11-28-12-672 | <AppStudio> | c8-5b-76-bf-e3-30 | 2019-12-08--11-29-33-730 | INFO  | Framework stop | de.sick.appstudio.utils.Logging [Logging.java:162] ## AS-STATUS ## AppStudio shutdown, application runtime (seconds): 76
2019-12-08 11:30:51,035 | 2019-12-08--11-28-12-672 | <AppStudio> | c8-5b-76-bf-e3-30 | 2019-12-08--11-29-33-730 | INFO  | Thread-10 | de.sick.appstudio.LifeCycleManager [LifeCycleManager.java:385] Clearing temp path C:\Users\Michael\AppData\Local\Temp\AppSpace4317469128559253811
